Initialized native services in: C:\Users\Admin\.gradle\native
Initialized jansi services in: C:\Users\Admin\.gradle\native
Found daemon DaemonInfo{pid=3996, address=[e7ab400d-1cdf-4c4d-941a-2685156a2d32 port:62775, addresses:[/127.0.0.1]], state=Idle, lastBusy=1766672562999, context=DefaultDaemonContext[uid=6bf6de22-8c50-4460-867b-e1160db5911e,javaHome=C:\Users\Admin\.antigravity\extensions\redhat.java-1.50.0-win32-x64\jre\21.0.9-win32-x86_64,javaVersion=21,javaVendor=Eclipse Adoptium,daemonRegistryDir=C:\Users\Admin\.gradle\daemon,pid=3996,idleTimeout=10800000,priority=NORMAL,applyInstrumentationAgent=true,nativeServicesMode=ENABLED,daemonOpts=-Xmx2048m,-Dfile.encoding=UTF-8,-Duser.country=US,-Duser.language=en,-Duser.variant]} however its context does not match the desired criteria.
JVM is incompatible.
Wanted: DaemonRequestContext{jvmCriteria=C:\Program Files\Java\jdk-17 (no JDK specified, using current Java home), daemonOpts=[-Xmx2048m, -Dfile.encoding=UTF-8, -Duser.country=US, -Duser.language=en, -Duser.variant], applyInstrumentationAgent=true, nativeServicesMode=ENABLED, priority=NORMAL}
Actual: DefaultDaemonContext[uid=6bf6de22-8c50-4460-867b-e1160db5911e,javaHome=C:\Users\Admin\.antigravity\extensions\redhat.java-1.50.0-win32-x64\jre\21.0.9-win32-x86_64,javaVersion=21,javaVendor=Eclipse Adoptium,daemonRegistryDir=C:\Users\Admin\.gradle\daemon,pid=3996,idleTimeout=10800000,priority=NORMAL,applyInstrumentationAgent=true,nativeServicesMode=ENABLED,daemonOpts=-Xmx2048m,-Dfile.encoding=UTF-8,-Duser.country=US,-Duser.language=en,-Duser.variant]

  Looking for a different daemon...
The client will now receive all logging from the daemon (pid: 9248). The daemon log file: C:\Users\Admin\.gradle\daemon\8.13\daemon-9248.out.log
Starting 21st build in daemon [uptime: 2 hrs 54 mins 53.675 secs, performance: 96%, GC rate: 0.00/s, heap usage: 0% of 2 GiB]
Using 12 worker leases.
Invalidating in-memory cache of C:\Users\Admin\AndroidStudioProjects\VisualMP\.gradle\8.13\fileHashes\fileHashes.bin
Invalidating in-memory cache of C:\Users\Admin\AndroidStudioProjects\VisualMP\.gradle\buildOutputCleanup\outputFiles.bin
Invalidating in-memory cache of C:\Users\Admin\AndroidStudioProjects\VisualMP\.gradle\8.13\fileHashes\resourceHashesCache.bin
Now considering [C:\Users\Admin\AndroidStudioProjects\VisualMP] as hierarchies to watch
Watching the file system is configured to be enabled if available
File system watching is active
Starting Build
Invalidating in-memory cache of C:\Users\Admin\.gradle\caches\8.13\fileHashes\fileHashes.bin
Invalidating in-memory cache of C:\Users\Admin\.gradle\caches\8.13\fileHashes\resourceHashesCache.bin
Invalidating in-memory cache of C:\Users\Admin\.gradle\caches\journal-1\file-access.bin
Settings evaluated using settings file 'C:\Users\Admin\AndroidStudioProjects\VisualMP\settings.gradle.kts'.
Projects loaded. Root project using build file 'C:\Users\Admin\AndroidStudioProjects\VisualMP\build.gradle.kts'.
Included projects: [root project 'VisualMP', project ':app']

> Configure project :
Evaluating root project 'VisualMP' using build file 'C:\Users\Admin\AndroidStudioProjects\VisualMP\build.gradle.kts'.
Resolved plugin [id: 'com.android.application', version: '8.13.2', apply: false]
Resolved plugin [id: 'org.jetbrains.kotlin.android', version: '2.0.21', apply: false]

> Configure project :app
Evaluating project ':app' using build file 'C:\Users\Admin\AndroidStudioProjects\VisualMP\app\build.gradle.kts'.
Resolved plugin [id: 'com.android.application', version: '8.13.2']
Resolved plugin [id: 'org.jetbrains.kotlin.android', version: '2.0.21']
Using default execution profile
Using Kotlin Gradle Plugin gradle85 variant
All projects evaluated.
Task name matched 'assembleDebug'
Selected primary task 'assembleDebug' from project :
Adding -Xuse-inline-scopes-numbers Kotlin compiler flag for task :app:compileDebugKotlin
Tasks to be executed: [task ':app:preBuild', task ':app:preDebugBuild', task ':app:mergeDebugNativeDebugMetadata', task ':app:checkKotlinGradlePluginConfigurationErrors', task ':app:dataBindingMergeDependencyArtifactsDebug', task ':app:generateDebugResValues', task ':app:generateDebugResources', task ':app:mergeDebugResources', task ':app:packageDebugResources', task ':app:processDebugNavigationResources', task ':app:parseDebugLocalResources', task ':app:dataBindingGenBaseClassesDebug', task ':app:checkDebugAarMetadata', task ':app:compileDebugNavigationResources', task ':app:mapDebugSourceSetPaths', task ':app:createDebugCompatibleScreenManifests', task ':app:extractDeepLinksDebug', task ':app:processDebugMainManifest', task ':app:processDebugManifest', task ':app:processDebugManifestForPackage', task ':app:processDebugResources', task ':app:compileDebugKotlin', task ':app:javaPreCompileDebug', task ':app:compileDebugJavaWithJavac', task ':app:mergeDebugShaders', task ':app:compileDebugShaders', task ':app:generateDebugAssets', task ':app:mergeDebugAssets', task ':app:compressDebugAssets', task ':app:processDebugJavaRes', task ':app:mergeDebugJavaResource', task ':app:checkDebugDuplicateClasses', task ':app:desugarDebugFileDependencies', task ':app:mergeExtDexDebug', task ':app:mergeLibDexDebug', task ':app:dexBuilderDebug', task ':app:mergeProjectDexDebug', task ':app:mergeDebugJniLibFolders', task ':app:mergeDebugNativeLibs', task ':app:stripDebugDebugSymbols', task ':app:validateSigningDebug', task ':app:writeDebugAppMetadata', task ':app:writeDebugSigningConfigVersions', task ':app:packageDebug', task ':app:createDebugApkListingFileRedirect', task ':app:assembleDebug']
Tasks that were excluded: []
Resolve mutations for :app:preBuild (Thread[Execution worker,5,main]) started.
:app:preBuild (Thread[Execution worker,5,main]) started.
Invalidating in-memory cache of C:\Users\Admin\AndroidStudioProjects\VisualMP\.gradle\8.13\executionHistory\executionHistory.bin

> Task :app:preBuild UP-TO-DATE
Skipping task ':app:preBuild' as it has no actions.
Resolve mutations for :app:preDebugBuild (Thread[Execution worker,5,main]) started.
:app:preDebugBuild (Thread[Execution worker,5,main]) started.

> Task :app:preDebugBuild UP-TO-DATE
Skipping task ':app:preDebugBuild' as it has no actions.
Resolve mutations for :app:mergeDebugNativeDebugMetadata (Thread[Execution worker,5,main]) started.
:app:mergeDebugNativeDebugMetadata (Thread[Execution worker,5,main]) started.

> Task :app:mergeDebugNativeDebugMetadata NO-SOURCE
Skipping task ':app:mergeDebugNativeDebugMetadata' as it has no source files and no previous output files.
Resolve mutations for :app:checkKotlinGradlePluginConfigurationErrors (Thread[Execution worker,5,main]) started.
:app:checkKotlinGradlePluginConfigurationErrors (Thread[Execution worker,5,main]) started.

> Task :app:checkKotlinGradlePluginConfigurationErrors SKIPPED
Skipping task ':app:checkKotlinGradlePluginConfigurationErrors' as task onlyIf 'errorDiagnostics are present' is false.
Resolve mutations for :app:dataBindingMergeDependencyArtifactsDebug (Thread[Execution worker,5,main]) started.
:app:dataBindingMergeDependencyArtifactsDebug (Thread[Execution worker,5,main]) started.

> Task :app:dataBindingMergeDependencyArtifactsDebug UP-TO-DATE
Caching disabled for task ':app:dataBindingMergeDependencyArtifactsDebug' because:
  Build cache is disabled
  Caching has been disabled for the task
Skipping task ':app:dataBindingMergeDependencyArtifactsDebug' as it is up-to-date.
Resolve mutations for :app:generateDebugResValues (Thread[Execution worker,5,main]) started.
:app:generateDebugResValues (Thread[Execution worker,5,main]) started.

> Task :app:generateDebugResValues UP-TO-DATE
Caching disabled for task ':app:generateDebugResValues' because:
  Build cache is disabled
Skipping task ':app:generateDebugResValues' as it is up-to-date.
Resolve mutations for :app:generateDebugResources (Thread[Execution worker,5,main]) started.
:app:generateDebugResources (Thread[Execution worker,5,main]) started.

> Task :app:generateDebugResources UP-TO-DATE
Caching disabled for task ':app:generateDebugResources' because:
  Build cache is disabled
Skipping task ':app:generateDebugResources' as it is up-to-date.
Resolve mutations for :app:mergeDebugResources (Thread[Execution worker,5,main]) started.
:app:mergeDebugResources (Thread[Execution worker,5,main]) started.

> Task :app:mergeDebugResources UP-TO-DATE
Caching disabled for task ':app:mergeDebugResources' because:
  Build cache is disabled
Skipping task ':app:mergeDebugResources' as it is up-to-date.
Resolve mutations for :app:packageDebugResources (Thread[Execution worker,5,main]) started.
:app:packageDebugResources (Thread[Execution worker,5,main]) started.

> Task :app:packageDebugResources UP-TO-DATE
Caching disabled for task ':app:packageDebugResources' because:
  Build cache is disabled
Skipping task ':app:packageDebugResources' as it is up-to-date.
Resolve mutations for :app:processDebugNavigationResources (Thread[Execution worker,5,main]) started.
:app:processDebugNavigationResources (Thread[Execution worker,5,main]) started.

> Task :app:processDebugNavigationResources UP-TO-DATE
Caching disabled for task ':app:processDebugNavigationResources' because:
  Build cache is disabled
Skipping task ':app:processDebugNavigationResources' as it is up-to-date.
Resolve mutations for :app:parseDebugLocalResources (Thread[Execution worker,5,main]) started.
:app:parseDebugLocalResources (Thread[Execution worker,5,main]) started.

> Task :app:parseDebugLocalResources UP-TO-DATE
Caching disabled for task ':app:parseDebugLocalResources' because:
  Build cache is disabled
Skipping task ':app:parseDebugLocalResources' as it is up-to-date.
Resolve mutations for :app:dataBindingGenBaseClassesDebug (Thread[Execution worker,5,main]) started.
:app:dataBindingGenBaseClassesDebug (Thread[Execution worker,5,main]) started.

> Task :app:dataBindingGenBaseClassesDebug UP-TO-DATE
Caching disabled for task ':app:dataBindingGenBaseClassesDebug' because:
  Build cache is disabled
Skipping task ':app:dataBindingGenBaseClassesDebug' as it is up-to-date.
Resolve mutations for :app:checkDebugAarMetadata (Thread[Execution worker,5,main]) started.
:app:checkDebugAarMetadata (Thread[Execution worker,5,main]) started.

> Task :app:checkDebugAarMetadata UP-TO-DATE
Caching disabled for task ':app:checkDebugAarMetadata' because:
  Build cache is disabled
  Caching has been disabled for the task
Skipping task ':app:checkDebugAarMetadata' as it is up-to-date.
Resolve mutations for :app:compileDebugNavigationResources (Thread[Execution worker,5,main]) started.
:app:compileDebugNavigationResources (Thread[Execution worker,5,main]) started.

> Task :app:compileDebugNavigationResources UP-TO-DATE
Caching disabled for task ':app:compileDebugNavigationResources' because:
  Build cache is disabled
Skipping task ':app:compileDebugNavigationResources' as it is up-to-date.
Resolve mutations for :app:mapDebugSourceSetPaths (Thread[Execution worker,5,main]) started.
:app:mapDebugSourceSetPaths (Thread[Execution worker,5,main]) started.

> Task :app:mapDebugSourceSetPaths UP-TO-DATE
Caching disabled for task ':app:mapDebugSourceSetPaths' because:
  Build cache is disabled
  Caching has been disabled for the task
Skipping task ':app:mapDebugSourceSetPaths' as it is up-to-date.
Resolve mutations for :app:createDebugCompatibleScreenManifests (Thread[Execution worker,5,main]) started.
:app:createDebugCompatibleScreenManifests (Thread[Execution worker,5,main]) started.

> Task :app:createDebugCompatibleScreenManifests UP-TO-DATE
Caching disabled for task ':app:createDebugCompatibleScreenManifests' because:
  Build cache is disabled
  Caching has been disabled for the task
Skipping task ':app:createDebugCompatibleScreenManifests' as it is up-to-date.
Resolve mutations for :app:extractDeepLinksDebug (Thread[Execution worker,5,main]) started.
:app:extractDeepLinksDebug (Thread[Execution worker,5,main]) started.

> Task :app:extractDeepLinksDebug UP-TO-DATE
Caching disabled for task ':app:extractDeepLinksDebug' because:
  Build cache is disabled
Skipping task ':app:extractDeepLinksDebug' as it is up-to-date.
Resolve mutations for :app:processDebugMainManifest (Thread[Execution worker,5,main]) started.
:app:processDebugMainManifest (Thread[Execution worker,5,main]) started.

> Task :app:processDebugMainManifest UP-TO-DATE
Caching disabled for task ':app:processDebugMainManifest' because:
  Build cache is disabled
Skipping task ':app:processDebugMainManifest' as it is up-to-date.
Resolve mutations for :app:processDebugManifest (Thread[Execution worker,5,main]) started.
:app:processDebugManifest (Thread[Execution worker,5,main]) started.

> Task :app:processDebugManifest UP-TO-DATE
Caching disabled for task ':app:processDebugManifest' because:
  Build cache is disabled
Skipping task ':app:processDebugManifest' as it is up-to-date.
Resolve mutations for :app:processDebugManifestForPackage (Thread[Execution worker,5,main]) started.
:app:processDebugManifestForPackage (Thread[Execution worker,5,main]) started.

> Task :app:processDebugManifestForPackage UP-TO-DATE
Custom actions are attached to task ':app:processDebugManifestForPackage'.
Caching disabled for task ':app:processDebugManifestForPackage' because:
  Build cache is disabled
Skipping task ':app:processDebugManifestForPackage' as it is up-to-date.
Resolve mutations for :app:processDebugResources (Thread[Execution worker,5,main]) started.
:app:processDebugResources (Thread[Execution worker,5,main]) started.

> Task :app:processDebugResources UP-TO-DATE
Caching disabled for task ':app:processDebugResources' because:
  Build cache is disabled
Skipping task ':app:processDebugResources' as it is up-to-date.
Resolve mutations for :app:compileDebugKotlin (Thread[Execution worker,5,main]) started.
:app:compileDebugKotlin (Thread[Execution worker,5,main]) started.
Resolve mutations for :app:javaPreCompileDebug (Thread[Execution worker Thread 10,5,main]) started.
:app:javaPreCompileDebug (Thread[Execution worker Thread 10,5,main]) started.

> Task :app:javaPreCompileDebug UP-TO-DATE
Caching disabled for task ':app:javaPreCompileDebug' because:
  Build cache is disabled
Skipping task ':app:javaPreCompileDebug' as it is up-to-date.
Resolve mutations for :app:mergeDebugShaders (Thread[Execution worker Thread 10,5,main]) started.
:app:mergeDebugShaders (Thread[Execution worker Thread 10,5,main]) started.

> Task :app:mergeDebugShaders UP-TO-DATE
Caching disabled for task ':app:mergeDebugShaders' because:
  Build cache is disabled
  Simple merging task
Skipping task ':app:mergeDebugShaders' as it is up-to-date.
Resolve mutations for :app:compileDebugShaders (Thread[Execution worker Thread 10,5,main]) started.
:app:compileDebugShaders (Thread[Execution worker Thread 10,5,main]) started.

> Task :app:compileDebugShaders NO-SOURCE
Skipping task ':app:compileDebugShaders' as it has no source files and no previous output files.
Resolve mutations for :app:generateDebugAssets (Thread[Execution worker Thread 10,5,main]) started.
:app:generateDebugAssets (Thread[Execution worker Thread 10,5,main]) started.

> Task :app:generateDebugAssets UP-TO-DATE
Skipping task ':app:generateDebugAssets' as it has no actions.
Resolve mutations for :app:mergeDebugAssets (Thread[Execution worker Thread 10,5,main]) started.
:app:mergeDebugAssets (Thread[Execution worker Thread 10,5,main]) started.

> Task :app:mergeDebugAssets UP-TO-DATE
Caching disabled for task ':app:mergeDebugAssets' because:
  Build cache is disabled
  Simple merging task
Skipping task ':app:mergeDebugAssets' as it is up-to-date.
Resolve mutations for :app:compressDebugAssets (Thread[Execution worker Thread 10,5,main]) started.
:app:compressDebugAssets (Thread[Execution worker Thread 10,5,main]) started.

> Task :app:compressDebugAssets UP-TO-DATE
Caching disabled for task ':app:compressDebugAssets' because:
  Build cache is disabled
Skipping task ':app:compressDebugAssets' as it is up-to-date.
Resolve mutations for :app:checkDebugDuplicateClasses (Thread[Execution worker Thread 10,5,main]) started.
:app:checkDebugDuplicateClasses (Thread[Execution worker Thread 10,5,main]) started.

> Task :app:checkDebugDuplicateClasses UP-TO-DATE
Caching disabled for task ':app:checkDebugDuplicateClasses' because:
  Build cache is disabled
  Caching has been disabled for the task
Skipping task ':app:checkDebugDuplicateClasses' as it is up-to-date.
Resolve mutations for :app:desugarDebugFileDependencies (Thread[Execution worker Thread 10,5,main]) started.
:app:desugarDebugFileDependencies (Thread[Execution worker Thread 10,5,main]) started.

> Task :app:desugarDebugFileDependencies UP-TO-DATE
Caching disabled for task ':app:desugarDebugFileDependencies' because:
  Build cache is disabled
Skipping task ':app:desugarDebugFileDependencies' as it is up-to-date.
Resolve mutations for :app:mergeExtDexDebug (Thread[Execution worker Thread 10,5,main]) started.
:app:mergeExtDexDebug (Thread[Execution worker Thread 10,5,main]) started.

> Task :app:mergeExtDexDebug UP-TO-DATE
Caching disabled for task ':app:mergeExtDexDebug' because:
  Build cache is disabled
Skipping task ':app:mergeExtDexDebug' as it is up-to-date.
Resolve mutations for :app:mergeLibDexDebug (Thread[Execution worker Thread 10,5,main]) started.
:app:mergeLibDexDebug (Thread[Execution worker Thread 10,5,main]) started.

> Task :app:mergeLibDexDebug UP-TO-DATE
Caching disabled for task ':app:mergeLibDexDebug' because:
  Build cache is disabled
Skipping task ':app:mergeLibDexDebug' as it is up-to-date.
Resolve mutations for :app:mergeDebugJniLibFolders (Thread[Execution worker Thread 10,5,main]) started.
:app:mergeDebugJniLibFolders (Thread[Execution worker Thread 10,5,main]) started.

> Task :app:mergeDebugJniLibFolders UP-TO-DATE
Caching disabled for task ':app:mergeDebugJniLibFolders' because:
  Build cache is disabled
  Simple merging task
Skipping task ':app:mergeDebugJniLibFolders' as it is up-to-date.
Resolve mutations for :app:mergeDebugNativeLibs (Thread[Execution worker Thread 10,5,main]) started.
:app:mergeDebugNativeLibs (Thread[Execution worker Thread 10,5,main]) started.

> Task :app:mergeDebugNativeLibs NO-SOURCE
Skipping task ':app:mergeDebugNativeLibs' as it has no source files and no previous output files.
Resolve mutations for :app:stripDebugDebugSymbols (Thread[Execution worker Thread 10,5,main]) started.
:app:stripDebugDebugSymbols (Thread[Execution worker Thread 10,5,main]) started.

> Task :app:stripDebugDebugSymbols NO-SOURCE
Skipping task ':app:stripDebugDebugSymbols' as it has no source files and no previous output files.
Resolve mutations for :app:validateSigningDebug (Thread[Execution worker Thread 10,5,main]) started.
:app:validateSigningDebug (Thread[Execution worker Thread 10,5,main]) started.

> Task :app:validateSigningDebug UP-TO-DATE
Caching disabled for task ':app:validateSigningDebug' because:
  Build cache is disabled
  Caching has been disabled for the task
Skipping task ':app:validateSigningDebug' as it is up-to-date.
Resolve mutations for :app:writeDebugAppMetadata (Thread[Execution worker Thread 10,5,main]) started.
:app:writeDebugAppMetadata (Thread[Execution worker Thread 10,5,main]) started.

> Task :app:writeDebugAppMetadata UP-TO-DATE
Caching disabled for task ':app:writeDebugAppMetadata' because:
  Build cache is disabled
  Caching has been disabled for the task
Skipping task ':app:writeDebugAppMetadata' as it is up-to-date.
Resolve mutations for :app:writeDebugSigningConfigVersions (Thread[Execution worker Thread 10,5,main]) started.
:app:writeDebugSigningConfigVersions (Thread[Execution worker Thread 10,5,main]) started.

> Task :app:writeDebugSigningConfigVersions UP-TO-DATE
Caching disabled for task ':app:writeDebugSigningConfigVersions' because:
  Build cache is disabled
  Caching has been disabled for the task
Skipping task ':app:writeDebugSigningConfigVersions' as it is up-to-date.

> Task :app:compileDebugKotlin FAILED
Adding -Xuse-inline-scopes-numbers Kotlin compiler flag for task :app:compileDebugAndroidTestKotlin
Caching disabled for task ':app:compileDebugKotlin' because:
  Build cache is disabled
Task ':app:compileDebugKotlin' is not up-to-date because:
  Task has failed previously.
The input changes require a full rebuild for incremental task ':app:compileDebugKotlin'.
file or directory 'C:\Users\Admin\AndroidStudioProjects\VisualMP\app\src\debug\kotlin', not found
file or directory 'C:\Users\Admin\AndroidStudioProjects\VisualMP\app\src\debug\java', not found
file or directory 'C:\Users\Admin\AndroidStudioProjects\VisualMP\app\src\debug\kotlin', not found
file or directory 'C:\Users\Admin\AndroidStudioProjects\VisualMP\app\src\debug\java', not found
file or directory 'C:\Users\Admin\AndroidStudioProjects\VisualMP\app\src\debug\kotlin', not found
file or directory 'C:\Users\Admin\AndroidStudioProjects\VisualMP\app\src\debug\java', not found
file or directory 'C:\Users\Admin\AndroidStudioProjects\VisualMP\app\src\main\kotlin', not found
file or directory 'C:\Users\Admin\AndroidStudioProjects\VisualMP\app\src\main\kotlin', not found
file or directory 'C:\Users\Admin\AndroidStudioProjects\VisualMP\app\src\main\kotlin', not found
file or directory 'C:\Users\Admin\AndroidStudioProjects\VisualMP\app\src\debug\java', not found
file or directory 'C:\Users\Admin\AndroidStudioProjects\VisualMP\app\src\debug\kotlin', not found
file or directory 'C:\Users\Admin\AndroidStudioProjects\VisualMP\app\src\debug\java', not found
file or directory 'C:\Users\Admin\AndroidStudioProjects\VisualMP\app\src\debug\kotlin', not found
file or directory 'C:\Users\Admin\AndroidStudioProjects\VisualMP\app\src\debug\java', not found
file or directory 'C:\Users\Admin\AndroidStudioProjects\VisualMP\app\src\debug\kotlin', not found
file or directory 'C:\Users\Admin\AndroidStudioProjects\VisualMP\app\src\debug\java', not found
file or directory 'C:\Users\Admin\AndroidStudioProjects\VisualMP\app\src\main\kotlin', not found
file or directory 'C:\Users\Admin\AndroidStudioProjects\VisualMP\app\src\debug\kotlin', not found
file or directory 'C:\Users\Admin\AndroidStudioProjects\VisualMP\app\src\debug\java', not found
file or directory 'C:\Users\Admin\AndroidStudioProjects\VisualMP\app\src\debug\kotlin', not found
file or directory 'C:\Users\Admin\AndroidStudioProjects\VisualMP\app\src\debug\java', not found
file or directory 'C:\Users\Admin\AndroidStudioProjects\VisualMP\app\src\debug\kotlin', not found
file or directory 'C:\Users\Admin\AndroidStudioProjects\VisualMP\app\src\debug\java', not found
file or directory 'C:\Users\Admin\AndroidStudioProjects\VisualMP\app\src\main\kotlin', not found
file or directory 'C:\Users\Admin\AndroidStudioProjects\VisualMP\app\src\main\kotlin', not found
file or directory 'C:\Users\Admin\AndroidStudioProjects\VisualMP\app\src\main\kotlin', not found
file or directory 'C:\Users\Admin\AndroidStudioProjects\VisualMP\app\src\debug\java', not found
file or directory 'C:\Users\Admin\AndroidStudioProjects\VisualMP\app\src\debug\kotlin', not found
file or directory 'C:\Users\Admin\AndroidStudioProjects\VisualMP\app\src\debug\java', not found
file or directory 'C:\Users\Admin\AndroidStudioProjects\VisualMP\app\src\debug\kotlin', not found
file or directory 'C:\Users\Admin\AndroidStudioProjects\VisualMP\app\src\debug\java', not found
file or directory 'C:\Users\Admin\AndroidStudioProjects\VisualMP\app\src\debug\kotlin', not found
file or directory 'C:\Users\Admin\AndroidStudioProjects\VisualMP\app\src\debug\java', not found
file or directory 'C:\Users\Admin\AndroidStudioProjects\VisualMP\app\src\main\kotlin', not found
file or directory 'C:\Users\Admin\AndroidStudioProjects\VisualMP\app\src\main\kotlin', not found
file or directory 'C:\Users\Admin\AndroidStudioProjects\VisualMP\app\src\main\kotlin', not found
file or directory 'C:\Users\Admin\AndroidStudioProjects\VisualMP\app\src\debug\java', not found
file or directory 'C:\Users\Admin\AndroidStudioProjects\VisualMP\app\src\debug\kotlin', not found
file or directory 'C:\Users\Admin\AndroidStudioProjects\VisualMP\app\src\debug\java', not found
file or directory 'C:\Users\Admin\AndroidStudioProjects\VisualMP\app\src\debug\kotlin', not found
file or directory 'C:\Users\Admin\AndroidStudioProjects\VisualMP\app\src\debug\java', not found
file or directory 'C:\Users\Admin\AndroidStudioProjects\VisualMP\app\src\debug\kotlin', not found
file or directory 'C:\Users\Admin\AndroidStudioProjects\VisualMP\app\src\debug\java', not found
file or directory 'C:\Users\Admin\AndroidStudioProjects\VisualMP\app\src\main\kotlin', not found
file or directory 'C:\Users\Admin\AndroidStudioProjects\VisualMP\app\src\main\kotlin', not found
file or directory 'C:\Users\Admin\AndroidStudioProjects\VisualMP\app\src\main\kotlin', not found
file or directory 'C:\Users\Admin\AndroidStudioProjects\VisualMP\app\src\debug\java', not found
Kotlin source files: C:\Users\Admin\AndroidStudioProjects\VisualMP\app\src\main\java\com\skul9x\visualmp\adapter\FolderPickerAdapter.kt, C:\Users\Admin\AndroidStudioProjects\VisualMP\app\src\main\java\com\skul9x\visualmp\adapter\SelectedFolderAdapter.kt, C:\Users\Admin\AndroidStudioProjects\VisualMP\app\src\main\java\com\skul9x\visualmp\adapter\SongAdapter.kt, C:\Users\Admin\AndroidStudioProjects\VisualMP\app\src\main\java\com\skul9x\visualmp\MainActivity.kt, C:\Users\Admin\AndroidStudioProjects\VisualMP\app\src\main\java\com\skul9x\visualmp\model\Song.kt, C:\Users\Admin\AndroidStudioProjects\VisualMP\app\src\main\java\com\skul9x\visualmp\PlayerActivity.kt, C:\Users\Admin\AndroidStudioProjects\VisualMP\app\src\main\java\com\skul9x\visualmp\service\MusicPlayerService.kt, C:\Users\Admin\AndroidStudioProjects\VisualMP\app\src\main\java\com\skul9x\visualmp\SettingsActivity.kt, C:\Users\Admin\AndroidStudioProjects\VisualMP\app\src\main\java\com\skul9x\visualmp\util\AiCoverGenerator.kt, C:\Users\Admin\AndroidStudioProjects\VisualMP\app\src\main\java\com\skul9x\visualmp\util\CoverArtFetcher.kt, C:\Users\Admin\AndroidStudioProjects\VisualMP\app\src\main\java\com\skul9x\visualmp\util\MetadataEditor.kt, C:\Users\Admin\AndroidStudioProjects\VisualMP\app\src\main\java\com\skul9x\visualmp\util\MetadataFetcher.kt, C:\Users\Admin\AndroidStudioProjects\VisualMP\app\src\main\java\com\skul9x\visualmp\util\MusicScanner.kt, C:\Users\Admin\AndroidStudioProjects\VisualMP\app\src\main\java\com\skul9x\visualmp\util\ResponsiveUtils.kt, C:\Users\Admin\AndroidStudioProjects\VisualMP\app\src\main\java\com\skul9x\visualmp\util\SettingsManager.kt, C:\Users\Admin\AndroidStudioProjects\VisualMP\app\src\main\java\com\skul9x\visualmp\viewmodel\MainViewModel.kt
Java source files: C:\Users\Admin\AndroidStudioProjects\VisualMP\app\build\generated\data_binding_base_class_source_out\debug\out\com\skul9x\visualmp\databinding\ActivityMainBinding.java, C:\Users\Admin\AndroidStudioProjects\VisualMP\app\build\generated\data_binding_base_class_source_out\debug\out\com\skul9x\visualmp\databinding\ActivityPlayerBinding.java, C:\Users\Admin\AndroidStudioProjects\VisualMP\app\build\generated\data_binding_base_class_source_out\debug\out\com\skul9x\visualmp\databinding\ActivitySettingsBinding.java, C:\Users\Admin\AndroidStudioProjects\VisualMP\app\build\generated\data_binding_base_class_source_out\debug\out\com\skul9x\visualmp\databinding\DialogEditMetadataBinding.java, C:\Users\Admin\AndroidStudioProjects\VisualMP\app\build\generated\data_binding_base_class_source_out\debug\out\com\skul9x\visualmp\databinding\DialogFolderPickerBinding.java, C:\Users\Admin\AndroidStudioProjects\VisualMP\app\build\generated\data_binding_base_class_source_out\debug\out\com\skul9x\visualmp\databinding\DialogLoadingBinding.java, C:\Users\Admin\AndroidStudioProjects\VisualMP\app\build\generated\data_binding_base_class_source_out\debug\out\com\skul9x\visualmp\databinding\ItemFolderPickerBinding.java, C:\Users\Admin\AndroidStudioProjects\VisualMP\app\build\generated\data_binding_base_class_source_out\debug\out\com\skul9x\visualmp\databinding\ItemSelectedFolderBinding.java, C:\Users\Admin\AndroidStudioProjects\VisualMP\app\build\generated\data_binding_base_class_source_out\debug\out\com\skul9x\visualmp\databinding\ItemSongBinding.java
Script source files: 
Script file extensions: 
Using Kotlin/JVM incremental compilation
[KOTLIN] Kotlin compilation 'jdkHome' argument: null
Options for KOTLIN DAEMON: IncrementalCompilationOptions(super=CompilationOptions(compilerMode=INCREMENTAL_COMPILER, targetPlatform=JVM, reportCategories=[0, 3], reportSeverity=2, requestedCompilationResults=[0], kotlinScriptExtensions=[]), areFileChangesKnown=false, modifiedFiles=null, deletedFiles=null, classpathChanges=NotAvailableForNonIncrementalRun, workingDir=C:\Users\Admin\AndroidStudioProjects\VisualMP\app\build\kotlin\compileDebugKotlin\cacheable, multiModuleICSettings=MultiModuleICSettings(buildHistoryFile=C:\Users\Admin\AndroidStudioProjects\VisualMP\app\build\kotlin\compileDebugKotlin\local-state\build-history.bin, useModuleDetection=true), usePreciseJavaTracking=true, icFeatures=IncrementalCompilationFeatures(withAbiSnapshot=false, preciseCompilationResultsBackup=true, keepIncrementalCompilationCachesInMemory=true, enableUnsafeIncrementalCompilationForMultiplatform=false), outputFiles=[C:\Users\Admin\AndroidStudioProjects\VisualMP\app\build\tmp\kotlin-classes\debug, C:\Users\Admin\AndroidStudioProjects\VisualMP\app\build\kotlin\compileDebugKotlin\cacheable, C:\Users\Admin\AndroidStudioProjects\VisualMP\app\build\kotlin\compileDebugKotlin\local-state])
e: file:///C:/Users/Admin/AndroidStudioProjects/VisualMP/app/src/main/java/com/skul9x/visualmp/PlayerActivity.kt:266:15 Cannot infer type for this parameter. Please specify it explicitly.
e: file:///C:/Users/Admin/AndroidStudioProjects/VisualMP/app/src/main/java/com/skul9x/visualmp/PlayerActivity.kt:266:15 Not enough information to infer type argument for 'R'.
e: file:///C:/Users/Admin/AndroidStudioProjects/VisualMP/app/src/main/java/com/skul9x/visualmp/PlayerActivity.kt:266:19 Cannot infer type for this parameter. Please specify it explicitly.
e: file:///C:/Users/Admin/AndroidStudioProjects/VisualMP/app/src/main/java/com/skul9x/visualmp/PlayerActivity.kt:285:18 Cannot infer type for this parameter. Please specify it explicitly.
e: file:///C:/Users/Admin/AndroidStudioProjects/VisualMP/app/src/main/java/com/skul9x/visualmp/PlayerActivity.kt:285:18 Not enough information to infer type argument for 'Y'.
e: file:///C:/Users/Admin/AndroidStudioProjects/VisualMP/app/src/main/java/com/skul9x/visualmp/PlayerActivity.kt:285:23 Argument type mismatch: actual type is 'android.view.View', but 'Y & Any' was expected.
Finished executing kotlin compiler using DAEMON strategy

FAILURE: Build failed with an exception.

* What went wrong:
Execution failed for task ':app:compileDebugKotlin'.
> A failure occurred while executing org.jetbrains.kotlin.compilerRunner.GradleCompilerRunnerWithWorkers$GradleKotlinCompilerWorkAction
   > Compilation error. See log for more details

* Try:
> Run with --stacktrace option to get the stack trace.
> Run with --debug option to get more log output.
> Run with --scan to get full insights.
> Get more help at https://help.gradle.org.

BUILD FAILED in 3s
30 actionable tasks: 1 executed, 29 up-to-date
Watched directory hierarchies: [C:\Users\Admin\AndroidStudioProjects\VisualMP]
